14:57:56.055 DEBUG opc.PackageRelationshipCollection -Parsing relationship: /xl/_rels/workbook.xml.rels
14:57:56.064 DEBUG opc.PackageRelationshipCollection -Parsing relationship: /_rels/.rels
14:57:56.174 TRACE common.XBeanDebug -Loading type system org.apache.poi.schemas.ooxml.system.ooxml
14:57:56.175 TRACE common.XBeanDebug -Loading type system org.apache.xmlbeans.metadata.system.sXMLCONFIG
14:57:56.176 TRACE common.XBeanDebug -Loading type system org.apache.xmlbeans.metadata.system.sXMLLANG
14:57:56.176 TRACE common.XBeanDebug -Loading type system org.apache.xmlbeans.metadata.system.sXMLSCHEMA
14:57:56.176 TRACE common.XBeanDebug -Loading type system org.apache.xmlbeans.metadata.system.sXMLTOOLS
14:57:56.177 TRACE common.XBeanDebug -Reading unresolved handles for type system org.apache.xmlbeans.metadata.system.sXMLTOOLS
14:57:56.186 TRACE common.XBeanDebug -Finished loading type system org.apache.xmlbeans.metadata.system.sXMLTOOLS
14:57:56.187 TRACE common.XBeanDebug -Reading unresolved handles for type system org.apache.xmlbeans.metadata.system.sXMLSCHEMA
14:57:56.190 TRACE common.XBeanDebug -Finished loading type system org.apache.xmlbeans.metadata.system.sXMLSCHEMA
14:57:56.191 TRACE common.XBeanDebug -Reading unresolved handles for type system org.apache.xmlbeans.metadata.system.sXMLLANG
14:57:56.192 TRACE common.XBeanDebug -Finished loading type system org.apache.xmlbeans.metadata.system.sXMLLANG
14:57:56.192 TRACE common.XBeanDebug -Reading unresolved handles for type system org.apache.xmlbeans.metadata.system.sXMLCONFIG
14:57:56.193 TRACE common.XBeanDebug -Finished loading type system org.apache.xmlbeans.metadata.system.sXMLCONFIG
14:57:56.193 TRACE common.XBeanDebug -Reading unresolved handles for type system org.apache.poi.schemas.ooxml.system.ooxml
14:57:56.234 TRACE common.XBeanDebug -Finished loading type system org.apache.poi.schemas.ooxml.system.ooxml
14:57:56.235 TRACE common.XBeanDebug -Resolving type for handle themefd26doctype
14:57:56.272 TRACE common.XBeanDebug -Resolving type for handle stylesheet5d8bdoctype
14:57:56.277 TRACE common.XBeanDebug -Resolving type for handle ctstylesheet4257type
14:57:56.280 TRACE common.XBeanDebug -Resolving type for handle ctnumfmtsb58btype
14:57:56.282 TRACE common.XBeanDebug -Resolving type for handle ctnumfmt3870type
14:57:56.282 TRACE common.XBeanDebug -Resolving type for handle stnumfmtid76fbtype
14:57:56.287 TRACE common.XBeanDebug -Resolving type for handle stxstringf179type
14:57:56.288 TRACE common.XBeanDebug -Resolving type for handle ctfonts6623type
14:57:56.290 TRACE common.XBeanDebug -Resolving type for handle ctfont14d8type
14:57:56.293 TRACE common.XBeanDebug -Resolving type for handle ctfills2c6ftype
14:57:56.294 TRACE common.XBeanDebug -Resolving type for handle ctfill550ctype
14:57:56.295 TRACE common.XBeanDebug -Resolving type for handle ctborders0d66type
14:57:56.297 TRACE common.XBeanDebug -Resolving type for handle ctborderf935type
14:57:56.298 TRACE common.XBeanDebug -Resolving type for handle ctcellxfs1322type
14:57:56.300 TRACE common.XBeanDebug -Resolving type for handle ctxf97f7type
14:57:56.301 TRACE common.XBeanDebug -Resolving type for handle ctcellstylexfsa81ftype
14:57:56.303 TRACE common.XBeanDebug -Resolving type for handle ctdxfsb26atype
14:57:56.304 TRACE common.XBeanDebug -Resolving type for handle cttablestyles872ftype
14:57:56.306 TRACE common.XBeanDebug -Resolving type for handle sstf81fdoctype
14:57:56.309 TRACE common.XBeanDebug -Resolving type for handle ctsst44f3type
14:57:56.311 TRACE common.XBeanDebug -Resolving type for handle ctrsta472type
14:57:56.321 TRACE common.XBeanDebug -Resolving type for handle workbookec17doctype
14:57:56.325 TRACE common.XBeanDebug -Resolving type for handle ctworkbook83c3type
14:57:56.328 TRACE common.XBeanDebug -Resolving type for handle ctsheets49fdtype
14:57:56.330 TRACE common.XBeanDebug -Resolving type for handle ctsheet4dbetype
14:57:56.332 TRACE common.XBeanDebug -Resolving type for handle strelationshipid1e94type
14:57:56.334 TRACE common.XBeanDebug -Resolving type for handle worksheetf539doctype
14:57:56.339 TRACE common.XBeanDebug -Resolving type for handle ctworksheet530dtype
14:57:56.346 TRACE common.XBeanDebug -Resolving type for handle ctcols627ctype
14:57:56.349 TRACE common.XBeanDebug -Resolving type for handle ctcola95ftype
14:57:56.378 TRACE common.XBeanDebug -Resolving type for handle ctsheetdata8408type
14:57:56.379 TRACE common.XBeanDebug -Resolving type for handle ctrowdd39type
14:57:56.382 TRACE common.XBeanDebug -Resolving type for handle ctcell842btype
14:57:56.385 TRACE common.XBeanDebug -Resolving type for handle stcellrefe4e0type
14:57:56.393 TRACE common.XBeanDebug -Resolving type for handle stcelltypebf95type
14:59:08.795 DEBUG opc.PackageRelationshipCollection -Parsing relationship: /xl/_rels/workbook.xml.rels
14:59:08.800 DEBUG opc.PackageRelationshipCollection -Parsing relationship: /_rels/.rels
14:59:08.910 TRACE common.XBeanDebug -Loading type system org.apache.poi.schemas.ooxml.system.ooxml
14:59:08.912 TRACE common.XBeanDebug -Loading type system org.apache.xmlbeans.metadata.system.sXMLCONFIG
14:59:08.913 TRACE common.XBeanDebug -Loading type system org.apache.xmlbeans.metadata.system.sXMLLANG
14:59:08.913 TRACE common.XBeanDebug -Loading type system org.apache.xmlbeans.metadata.system.sXMLSCHEMA
14:59:08.913 TRACE common.XBeanDebug -Loading type system org.apache.xmlbeans.metadata.system.sXMLTOOLS
14:59:08.914 TRACE common.XBeanDebug -Reading unresolved handles for type system org.apache.xmlbeans.metadata.system.sXMLTOOLS
14:59:08.925 TRACE common.XBeanDebug -Finished loading type system org.apache.xmlbeans.metadata.system.sXMLTOOLS
14:59:08.926 TRACE common.XBeanDebug -Reading unresolved handles for type system org.apache.xmlbeans.metadata.system.sXMLSCHEMA
14:59:08.930 TRACE common.XBeanDebug -Finished loading type system org.apache.xmlbeans.metadata.system.sXMLSCHEMA
14:59:08.931 TRACE common.XBeanDebug -Reading unresolved handles for type system org.apache.xmlbeans.metadata.system.sXMLLANG
14:59:08.932 TRACE common.XBeanDebug -Finished loading type system org.apache.xmlbeans.metadata.system.sXMLLANG
14:59:08.932 TRACE common.XBeanDebug -Reading unresolved handles for type system org.apache.xmlbeans.metadata.system.sXMLCONFIG
14:59:08.933 TRACE common.XBeanDebug -Finished loading type system org.apache.xmlbeans.metadata.system.sXMLCONFIG
14:59:08.933 TRACE common.XBeanDebug -Reading unresolved handles for type system org.apache.poi.schemas.ooxml.system.ooxml
14:59:08.972 TRACE common.XBeanDebug -Finished loading type system org.apache.poi.schemas.ooxml.system.ooxml
14:59:08.973 TRACE common.XBeanDebug -Resolving type for handle themefd26doctype
14:59:09.009 TRACE common.XBeanDebug -Resolving type for handle stylesheet5d8bdoctype
14:59:09.014 TRACE common.XBeanDebug -Resolving type for handle ctstylesheet4257type
14:59:09.017 TRACE common.XBeanDebug -Resolving type for handle ctnumfmtsb58btype
14:59:09.018 TRACE common.XBeanDebug -Resolving type for handle ctnumfmt3870type
14:59:09.019 TRACE common.XBeanDebug -Resolving type for handle stnumfmtid76fbtype
14:59:09.023 TRACE common.XBeanDebug -Resolving type for handle stxstringf179type
14:59:09.024 TRACE common.XBeanDebug -Resolving type for handle ctfonts6623type
14:59:09.026 TRACE common.XBeanDebug -Resolving type for handle ctfont14d8type
14:59:09.029 TRACE common.XBeanDebug -Resolving type for handle ctfills2c6ftype
14:59:09.031 TRACE common.XBeanDebug -Resolving type for handle ctfill550ctype
14:59:09.032 TRACE common.XBeanDebug -Resolving type for handle ctborders0d66type
14:59:09.033 TRACE common.XBeanDebug -Resolving type for handle ctborderf935type
14:59:09.035 TRACE common.XBeanDebug -Resolving type for handle ctcellxfs1322type
14:59:09.036 TRACE common.XBeanDebug -Resolving type for handle ctxf97f7type
14:59:09.038 TRACE common.XBeanDebug -Resolving type for handle ctcellstylexfsa81ftype
14:59:09.040 TRACE common.XBeanDebug -Resolving type for handle ctdxfsb26atype
14:59:09.041 TRACE common.XBeanDebug -Resolving type for handle cttablestyles872ftype
14:59:09.043 TRACE common.XBeanDebug -Resolving type for handle sstf81fdoctype
14:59:09.046 TRACE common.XBeanDebug -Resolving type for handle ctsst44f3type
14:59:09.048 TRACE common.XBeanDebug -Resolving type for handle ctrsta472type
14:59:09.058 TRACE common.XBeanDebug -Resolving type for handle workbookec17doctype
14:59:09.061 TRACE common.XBeanDebug -Resolving type for handle ctworkbook83c3type
14:59:09.063 TRACE common.XBeanDebug -Resolving type for handle ctsheets49fdtype
14:59:09.065 TRACE common.XBeanDebug -Resolving type for handle ctsheet4dbetype
14:59:09.066 TRACE common.XBeanDebug -Resolving type for handle strelationshipid1e94type
14:59:09.067 TRACE common.XBeanDebug -Resolving type for handle worksheetf539doctype
14:59:09.070 TRACE common.XBeanDebug -Resolving type for handle ctworksheet530dtype
14:59:09.075 TRACE common.XBeanDebug -Resolving type for handle ctcols627ctype
14:59:09.078 TRACE common.XBeanDebug -Resolving type for handle ctcola95ftype
14:59:09.089 TRACE common.XBeanDebug -Resolving type for handle ctsheetdata8408type
14:59:09.090 TRACE common.XBeanDebug -Resolving type for handle ctrowdd39type
14:59:09.093 TRACE common.XBeanDebug -Resolving type for handle ctcell842btype
14:59:09.096 TRACE common.XBeanDebug -Resolving type for handle stcellrefe4e0type
14:59:09.104 TRACE common.XBeanDebug -Resolving type for handle stcelltypebf95type
