15:00:49.804 DEBUG opc.PackageRelationshipCollection -Parsing relationship: /xl/_rels/workbook.xml.rels
15:00:49.813 DEBUG opc.PackageRelationshipCollection -Parsing relationship: /xl/worksheets/_rels/sheet1.xml.rels
15:00:49.815 DEBUG opc.PackageRelationshipCollection -Parsing relationship: /_rels/.rels
15:00:49.915 TRACE common.XBeanDebug -Loading type system org.apache.poi.schemas.ooxml.system.ooxml
15:00:49.917 TRACE common.XBeanDebug -Loading type system org.apache.xmlbeans.metadata.system.sXMLCONFIG
15:00:49.918 TRACE common.XBeanDebug -Loading type system org.apache.xmlbeans.metadata.system.sXMLLANG
15:00:49.918 TRACE common.XBeanDebug -Loading type system org.apache.xmlbeans.metadata.system.sXMLSCHEMA
15:00:49.919 TRACE common.XBeanDebug -Loading type system org.apache.xmlbeans.metadata.system.sXMLTOOLS
15:00:49.921 TRACE common.XBeanDebug -Reading unresolved handles for type system org.apache.xmlbeans.metadata.system.sXMLTOOLS
15:00:49.929 TRACE common.XBeanDebug -Finished loading type system org.apache.xmlbeans.metadata.system.sXMLTOOLS
15:00:49.930 TRACE common.XBeanDebug -Reading unresolved handles for type system org.apache.xmlbeans.metadata.system.sXMLSCHEMA
15:00:49.934 TRACE common.XBeanDebug -Finished loading type system org.apache.xmlbeans.metadata.system.sXMLSCHEMA
15:00:49.934 TRACE common.XBeanDebug -Reading unresolved handles for type system org.apache.xmlbeans.metadata.system.sXMLLANG
15:00:49.935 TRACE common.XBeanDebug -Finished loading type system org.apache.xmlbeans.metadata.system.sXMLLANG
15:00:49.936 TRACE common.XBeanDebug -Reading unresolved handles for type system org.apache.xmlbeans.metadata.system.sXMLCONFIG
15:00:49.937 TRACE common.XBeanDebug -Finished loading type system org.apache.xmlbeans.metadata.system.sXMLCONFIG
15:00:49.938 TRACE common.XBeanDebug -Reading unresolved handles for type system org.apache.poi.schemas.ooxml.system.ooxml
15:00:49.981 TRACE common.XBeanDebug -Finished loading type system org.apache.poi.schemas.ooxml.system.ooxml
15:00:49.982 TRACE common.XBeanDebug -Resolving type for handle themefd26doctype
15:00:50.025 TRACE common.XBeanDebug -Resolving type for handle stylesheet5d8bdoctype
15:00:50.031 TRACE common.XBeanDebug -Resolving type for handle ctstylesheet4257type
15:00:50.033 TRACE common.XBeanDebug -Resolving type for handle ctnumfmtsb58btype
15:00:50.035 TRACE common.XBeanDebug -Resolving type for handle ctnumfmt3870type
15:00:50.036 TRACE common.XBeanDebug -Resolving type for handle stnumfmtid76fbtype
15:00:50.040 TRACE common.XBeanDebug -Resolving type for handle stxstringf179type
15:00:50.042 TRACE common.XBeanDebug -Resolving type for handle ctfonts6623type
15:00:50.043 TRACE common.XBeanDebug -Resolving type for handle ctfont14d8type
15:00:50.047 TRACE common.XBeanDebug -Resolving type for handle ctfills2c6ftype
15:00:50.049 TRACE common.XBeanDebug -Resolving type for handle ctfill550ctype
15:00:50.050 TRACE common.XBeanDebug -Resolving type for handle ctborders0d66type
15:00:50.052 TRACE common.XBeanDebug -Resolving type for handle ctborderf935type
15:00:50.054 TRACE common.XBeanDebug -Resolving type for handle ctcellxfs1322type
15:00:50.056 TRACE common.XBeanDebug -Resolving type for handle ctxf97f7type
15:00:50.056 TRACE common.XBeanDebug -Resolving type for handle ctcellstylexfsa81ftype
15:00:50.059 TRACE common.XBeanDebug -Resolving type for handle ctdxfsb26atype
15:00:50.060 TRACE common.XBeanDebug -Resolving type for handle cttablestyles872ftype
15:00:50.062 TRACE common.XBeanDebug -Resolving type for handle sstf81fdoctype
15:00:50.065 TRACE common.XBeanDebug -Resolving type for handle ctsst44f3type
15:00:50.067 TRACE common.XBeanDebug -Resolving type for handle ctrsta472type
15:00:50.077 TRACE common.XBeanDebug -Resolving type for handle workbookec17doctype
15:00:50.080 TRACE common.XBeanDebug -Resolving type for handle ctworkbook83c3type
15:00:50.083 TRACE common.XBeanDebug -Resolving type for handle ctsheets49fdtype
15:00:50.084 TRACE common.XBeanDebug -Resolving type for handle ctsheet4dbetype
15:00:50.085 TRACE common.XBeanDebug -Resolving type for handle strelationshipid1e94type
15:00:50.086 TRACE common.XBeanDebug -Resolving type for handle worksheetf539doctype
15:00:50.090 TRACE common.XBeanDebug -Resolving type for handle ctworksheet530dtype
15:00:50.095 TRACE common.XBeanDebug -Resolving type for handle ctcols627ctype
15:00:50.097 TRACE common.XBeanDebug -Resolving type for handle ctcola95ftype
15:00:50.108 TRACE common.XBeanDebug -Resolving type for handle ctsheetdata8408type
15:00:50.110 TRACE common.XBeanDebug -Resolving type for handle ctrowdd39type
15:00:50.113 TRACE common.XBeanDebug -Resolving type for handle ctcell842btype
15:00:50.117 TRACE common.XBeanDebug -Resolving type for handle stcellrefe4e0type
15:00:50.120 TRACE common.XBeanDebug -Resolving type for handle cthyperlinks6416type
15:00:50.121 TRACE common.XBeanDebug -Resolving type for handle cthyperlink0c85type
15:00:50.128 TRACE common.XBeanDebug -Resolving type for handle stcelltypebf95type
15:00:53.259 TRACE common.XBeanDebug -Resolving type for handle stcellstylexfid70c7type
15:00:53.261 TRACE common.XBeanDebug -Resolving type for handle ctsheetdimensiond310type
15:00:53.262 TRACE common.XBeanDebug -Resolving type for handle stref90a2type
15:00:53.276 TRACE common.XBeanDebug -Resolving type for handle propertiesee84doctype
15:00:53.276 TRACE common.XBeanDebug -Resolving type for handle ctproperties3f10type
15:00:53.280 TRACE common.XBeanDebug -Resolving type for handle properties288cdoctype
15:00:53.280 TRACE common.XBeanDebug -Resolving type for handle ctproperties2c18type
15:00:53.287 DEBUG opc.ZipPackage -Save content types part
15:00:53.343 DEBUG opc.ZipPackage -Save package relationships
15:00:53.345 DEBUG opc.ZipPackage -Save part 'docProps/app.xml'
15:00:53.346 DEBUG opc.ZipPackage -Save part 'docProps/core.xml'
15:00:53.348 DEBUG opc.ZipPackage -Save part 'xl/sharedStrings.xml'
15:00:53.348 DEBUG opc.ZipPackage -Save part 'xl/styles.xml'
15:00:53.349 DEBUG opc.ZipPackage -Save part 'xl/theme/theme1.xml'
15:00:53.349 DEBUG opc.ZipPackage -Save part 'xl/workbook.xml'
15:00:53.351 DEBUG opc.ZipPackage -Save part 'xl/worksheets/sheet1.xml'
15:00:53.352 DEBUG opc.ZipPackage -Save part 'xl/worksheets/sheet2.xml'
15:00:53.353 DEBUG opc.ZipPackage -Save part 'xl/worksheets/sheet3.xml'
15:01:37.447 DEBUG opc.PackageRelationshipCollection -Parsing relationship: /xl/_rels/workbook.xml.rels
15:01:37.451 DEBUG opc.PackageRelationshipCollection -Parsing relationship: /xl/worksheets/_rels/sheet1.xml.rels
15:01:37.453 DEBUG opc.PackageRelationshipCollection -Parsing relationship: /_rels/.rels
15:01:37.554 TRACE common.XBeanDebug -Loading type system org.apache.poi.schemas.ooxml.system.ooxml
15:01:37.556 TRACE common.XBeanDebug -Loading type system org.apache.xmlbeans.metadata.system.sXMLCONFIG
15:01:37.556 TRACE common.XBeanDebug -Loading type system org.apache.xmlbeans.metadata.system.sXMLLANG
15:01:37.556 TRACE common.XBeanDebug -Loading type system org.apache.xmlbeans.metadata.system.sXMLSCHEMA
15:01:37.557 TRACE common.XBeanDebug -Loading type system org.apache.xmlbeans.metadata.system.sXMLTOOLS
15:01:37.557 TRACE common.XBeanDebug -Reading unresolved handles for type system org.apache.xmlbeans.metadata.system.sXMLTOOLS
15:01:37.565 TRACE common.XBeanDebug -Finished loading type system org.apache.xmlbeans.metadata.system.sXMLTOOLS
15:01:37.565 TRACE common.XBeanDebug -Reading unresolved handles for type system org.apache.xmlbeans.metadata.system.sXMLSCHEMA
15:01:37.574 TRACE common.XBeanDebug -Finished loading type system org.apache.xmlbeans.metadata.system.sXMLSCHEMA
15:01:37.574 TRACE common.XBeanDebug -Reading unresolved handles for type system org.apache.xmlbeans.metadata.system.sXMLLANG
15:01:37.575 TRACE common.XBeanDebug -Finished loading type system org.apache.xmlbeans.metadata.system.sXMLLANG
15:01:37.575 TRACE common.XBeanDebug -Reading unresolved handles for type system org.apache.xmlbeans.metadata.system.sXMLCONFIG
15:01:37.576 TRACE common.XBeanDebug -Finished loading type system org.apache.xmlbeans.metadata.system.sXMLCONFIG
15:01:37.576 TRACE common.XBeanDebug -Reading unresolved handles for type system org.apache.poi.schemas.ooxml.system.ooxml
15:01:37.614 TRACE common.XBeanDebug -Finished loading type system org.apache.poi.schemas.ooxml.system.ooxml
15:01:37.614 TRACE common.XBeanDebug -Resolving type for handle themefd26doctype
15:01:37.654 TRACE common.XBeanDebug -Resolving type for handle stylesheet5d8bdoctype
15:01:37.661 TRACE common.XBeanDebug -Resolving type for handle ctstylesheet4257type
15:01:37.664 TRACE common.XBeanDebug -Resolving type for handle ctnumfmtsb58btype
15:01:37.666 TRACE common.XBeanDebug -Resolving type for handle ctnumfmt3870type
15:01:37.667 TRACE common.XBeanDebug -Resolving type for handle stnumfmtid76fbtype
15:01:37.671 TRACE common.XBeanDebug -Resolving type for handle stxstringf179type
15:01:37.672 TRACE common.XBeanDebug -Resolving type for handle ctfonts6623type
15:01:37.674 TRACE common.XBeanDebug -Resolving type for handle ctfont14d8type
15:01:37.678 TRACE common.XBeanDebug -Resolving type for handle ctfills2c6ftype
15:01:37.680 TRACE common.XBeanDebug -Resolving type for handle ctfill550ctype
15:01:37.681 TRACE common.XBeanDebug -Resolving type for handle ctborders0d66type
15:01:37.683 TRACE common.XBeanDebug -Resolving type for handle ctborderf935type
15:01:37.685 TRACE common.XBeanDebug -Resolving type for handle ctcellxfs1322type
15:01:37.687 TRACE common.XBeanDebug -Resolving type for handle ctxf97f7type
15:01:37.689 TRACE common.XBeanDebug -Resolving type for handle ctcellstylexfsa81ftype
15:01:37.691 TRACE common.XBeanDebug -Resolving type for handle ctdxfsb26atype
15:01:37.693 TRACE common.XBeanDebug -Resolving type for handle cttablestyles872ftype
15:01:37.696 TRACE common.XBeanDebug -Resolving type for handle sstf81fdoctype
15:01:37.699 TRACE common.XBeanDebug -Resolving type for handle ctsst44f3type
15:01:37.701 TRACE common.XBeanDebug -Resolving type for handle ctrsta472type
15:01:37.711 TRACE common.XBeanDebug -Resolving type for handle workbookec17doctype
15:01:37.714 TRACE common.XBeanDebug -Resolving type for handle ctworkbook83c3type
15:01:37.718 TRACE common.XBeanDebug -Resolving type for handle ctsheets49fdtype
15:01:37.720 TRACE common.XBeanDebug -Resolving type for handle ctsheet4dbetype
15:01:37.721 TRACE common.XBeanDebug -Resolving type for handle strelationshipid1e94type
15:01:37.722 TRACE common.XBeanDebug -Resolving type for handle worksheetf539doctype
15:01:37.725 TRACE common.XBeanDebug -Resolving type for handle ctworksheet530dtype
15:01:37.730 TRACE common.XBeanDebug -Resolving type for handle ctcols627ctype
15:01:37.733 TRACE common.XBeanDebug -Resolving type for handle ctcola95ftype
15:01:37.742 TRACE common.XBeanDebug -Resolving type for handle ctsheetdata8408type
15:01:37.743 TRACE common.XBeanDebug -Resolving type for handle ctrowdd39type
15:01:37.746 TRACE common.XBeanDebug -Resolving type for handle ctcell842btype
15:01:37.750 TRACE common.XBeanDebug -Resolving type for handle stcellrefe4e0type
15:01:37.753 TRACE common.XBeanDebug -Resolving type for handle cthyperlinks6416type
15:01:37.754 TRACE common.XBeanDebug -Resolving type for handle cthyperlink0c85type
15:01:37.761 TRACE common.XBeanDebug -Resolving type for handle stcelltypebf95type
15:01:40.919 TRACE common.XBeanDebug -Resolving type for handle stcellstylexfid70c7type
15:01:40.925 TRACE common.XBeanDebug -Resolving type for handle ctsheetdimensiond310type
15:01:40.926 TRACE common.XBeanDebug -Resolving type for handle stref90a2type
15:01:40.943 TRACE common.XBeanDebug -Resolving type for handle propertiesee84doctype
15:01:40.944 TRACE common.XBeanDebug -Resolving type for handle ctproperties3f10type
15:01:40.947 TRACE common.XBeanDebug -Resolving type for handle properties288cdoctype
15:01:40.948 TRACE common.XBeanDebug -Resolving type for handle ctproperties2c18type
15:01:40.955 DEBUG opc.ZipPackage -Save content types part
15:01:40.999 DEBUG opc.ZipPackage -Save package relationships
15:01:41.001 DEBUG opc.ZipPackage -Save part 'docProps/app.xml'
15:01:41.001 DEBUG opc.ZipPackage -Save part 'docProps/core.xml'
15:01:41.004 DEBUG opc.ZipPackage -Save part 'xl/sharedStrings.xml'
15:01:41.004 DEBUG opc.ZipPackage -Save part 'xl/styles.xml'
15:01:41.004 DEBUG opc.ZipPackage -Save part 'xl/theme/theme1.xml'
15:01:41.004 DEBUG opc.ZipPackage -Save part 'xl/workbook.xml'
15:01:41.006 DEBUG opc.ZipPackage -Save part 'xl/worksheets/sheet1.xml'
15:01:41.007 DEBUG opc.ZipPackage -Save part 'xl/worksheets/sheet2.xml'
15:01:41.007 DEBUG opc.ZipPackage -Save part 'xl/worksheets/sheet3.xml'
